<?xml version="1.0" encoding="UTF-8"?>
<testsuite name="TestSuite" time="0.007" tests="7" errors="0" skipped="3" failures="2">
  <properties>
[...]
</properties>
  <testcase name="test1" classname="scripts.LoginTest" time="0">
    <skipped/>
    <system-out>test started
Mayank
retry count1
</system-out>
    <system-err>Starting ChromeDriver 72.0.3626.69 (3c16f8a135abc0d4da2dff33804db79b849a7c38) on port 35580
Only local connections are allowed.
Please protect ports used by ChromeDriver and related test frameworks to prevent access by malicious code.
Started InternetExplorerDriver server (64-bit)
3.14.0.0
Listening on port 31331
Only local connections are allowed
Apr 28, 2019 9:01:19 PM org.openqa.selenium.remote.ProtocolHandshake createSession
INFO: Detected dialect: W3C
log4j:WARN No appenders could be found for logger (scripts.LoginTest).
log4j:WARN Please initialize the log4j system properly.
log4j:WARN See http://logging.apache.org/log4j/1.2/faq.html#noconfig for more info.
</system-err>
  </testcase>
  <testcase name="test1" classname="scripts.LoginTest" time="0">
    <skipped/>
    <system-out>test skipped
test started
Mayank
retry count2
</system-out>
  </testcase>
  <testcase name="test1" classname="scripts.LoginTest" time="0">
    <skipped/>
    <system-out>test skipped
test started
Mayank
retry count3
</system-out>
  </testcase>
  <testcase name="test1" classname="scripts.LoginTest" time="0.003">
    <failure message="expected [true] but found [false]" type="java.lang.AssertionError">java.lang.AssertionError: expected [true] but found [false]
	at org.testng.Assert.fail(Assert.java:96)
	at org.testng.Assert.failNotEquals(Assert.java:776)
	at org.testng.Assert.assertTrue(Assert.java:44)
	at org.testng.Assert.assertTrue(Assert.java:54)
	at scripts.LoginTest.test1(LoginTest.java:20)
</failure>
    <system-out>test skipped
test started
Mayank
</system-out>
  </testcase>
  <testcase name="test2" classname="scripts.LoginTest" time="0"/>
  <testcase name="test1" classname="scripts.LoginTest" time="0.001">
    <failure message="expected [true] but found [false]" type="java.lang.AssertionError">java.lang.AssertionError: expected [true] but found [false]
	at org.testng.Assert.fail(Assert.java:96)
	at org.testng.Assert.failNotEquals(Assert.java:776)
	at org.testng.Assert.assertTrue(Assert.java:44)
	at org.testng.Assert.assertTrue(Assert.java:54)
	at scripts.LoginTest.test1(LoginTest.java:20)
</failure>
    <system-out>test passed
test started
Mayank
</system-out>
    <system-err>Apr 28, 2019 9:01:19 PM org.openqa.selenium.remote.ProtocolHandshake createSession
INFO: Detected dialect: OSS
</system-err>
  </testcase>
  <testcase name="test2" classname="scripts.LoginTest" time="0.003"/>
</testsuite>