<?xml version="1.0" encoding="UTF-8"?>
<testng-results skipped="0" failed="0" ignored="6" total="14" passed="8">
  <reporter-output>
  </reporter-output>
  <suite name="Suite" duration-ms="7273" started-at="2019-06-02T11:37:32Z" finished-at="2019-06-02T11:37:39Z">
    <groups>
    </groups>
    <test name="Test2" duration-ms="3736" started-at="2019-06-02T11:37:32Z" finished-at="2019-06-02T11:37:36Z">
      <class name="scripts.TestMethods">
        <test-method status="PASS" signature="settest(org.testng.ITestResult)[pri:0, instance:scripts.TestMethods@13fee20c]" name="settest" is-config="true" duration-ms="0" started-at="2019-06-02T11:37:35Z" finished-at="2019-06-02T11:37:35Z">
          <params>
            <param index="0">
              <value>
                <![CDATA[[TestResult name=test1 status=SUCCESS method=TestMethods.test1()[pri:0, instance:scripts.TestMethods@13fee20c] output={null}]]]>
              </value>
            </param>
          </params>
          <reporter-output>
          </reporter-output>
        </test-method> <!-- settest -->
        <test-method status="PASS" signature="test1()[pri:0, instance:scripts.TestMethods@13fee20c]" name="test1" duration-ms="8" started-at="2019-06-02T11:37:35Z" finished-at="2019-06-02T11:37:35Z">
          <reporter-output>
          </reporter-output>
        </test-method> <!-- test1 -->
        <test-method status="PASS" signature="getresult(org.testng.ITestResult)[pri:0, instance:scripts.TestMethods@13fee20c]" name="getresult" is-config="true" duration-ms="8" started-at="2019-06-02T11:37:35Z" finished-at="2019-06-02T11:37:35Z">
          <params>
            <param index="0">
              <value>
                <![CDATA[[TestResult name=test1 status=SUCCESS method=TestMethods.test1()[pri:0, instance:scripts.TestMethods@13fee20c] output={null}]]]>
              </value>
            </param>
          </params>
          <reporter-output>
          </reporter-output>
        </test-method> <!-- getresult -->
        <test-method status="PASS" signature="settest(org.testng.ITestResult)[pri:0, instance:scripts.TestMethods@13fee20c]" name="settest" is-config="true" duration-ms="2" started-at="2019-06-02T11:37:35Z" finished-at="2019-06-02T11:37:35Z">
          <params>
            <param index="0">
              <value>
                <![CDATA[[TestResult name=test2 status=SUCCESS method=TestMethods.test2()[pri:0, instance:scripts.TestMethods@13fee20c] output={null}]]]>
              </value>
            </param>
          </params>
          <reporter-output>
          </reporter-output>
        </test-method> <!-- settest -->
        <test-method status="PASS" signature="test2()[pri:0, instance:scripts.TestMethods@13fee20c]" name="test2" duration-ms="2" started-at="2019-06-02T11:37:35Z" finished-at="2019-06-02T11:37:35Z">
          <reporter-output>
          </reporter-output>
        </test-method> <!-- test2 -->
        <test-method status="PASS" signature="getresult(org.testng.ITestResult)[pri:0, instance:scripts.TestMethods@13fee20c]" name="getresult" is-config="true" duration-ms="0" started-at="2019-06-02T11:37:35Z" finished-at="2019-06-02T11:37:35Z">
          <params>
            <param index="0">
              <value>
                <![CDATA[[TestResult name=test2 status=SUCCESS method=TestMethods.test2()[pri:0, instance:scripts.TestMethods@13fee20c] output={null}]]]>
              </value>
            </param>
          </params>
          <reporter-output>
          </reporter-output>
        </test-method> <!-- getresult -->
      </class> <!-- scripts.TestMethods -->
      <class name="scripts.LoginTest">
        <test-method status="PASS" signature="setup(java.lang.String)[pri:0, instance:scripts.LoginTest@64616ca2]" name="setup" is-config="true" duration-ms="3119" started-at="2019-06-02T11:37:32Z" finished-at="2019-06-02T11:37:35Z">
          <params>
            <param index="0">
              <value>
                <![CDATA[explorer]]>
              </value>
            </param>
          </params>
          <reporter-output>
          </reporter-output>
        </test-method> <!-- setup -->
        <test-method status="PASS" signature="settest(org.testng.ITestResult)[pri:0, instance:scripts.LoginTest@64616ca2]" name="settest" is-config="true" duration-ms="3" started-at="2019-06-02T11:37:35Z" finished-at="2019-06-02T11:37:35Z">
          <params>
            <param index="0">
              <value>
                <![CDATA[[TestResult name=test1 status=SUCCESS method=LoginTest.test1()[pri:0, instance:scripts.LoginTest@64616ca2] output={null}]]]>
              </value>
            </param>
          </params>
          <reporter-output>
          </reporter-output>
        </test-method> <!-- settest -->
        <test-method status="PASS" signature="test1()[pri:0, instance:scripts.LoginTest@64616ca2]" name="test1" duration-ms="9" started-at="2019-06-02T11:37:35Z" finished-at="2019-06-02T11:37:35Z">
          <reporter-output>
          </reporter-output>
        </test-method> <!-- test1 -->
        <test-method status="PASS" signature="getresult(org.testng.ITestResult)[pri:0, instance:scripts.LoginTest@64616ca2]" name="getresult" is-config="true" duration-ms="17" started-at="2019-06-02T11:37:35Z" finished-at="2019-06-02T11:37:35Z">
          <params>
            <param index="0">
              <value>
                <![CDATA[[TestResult name=test1 status=SUCCESS method=LoginTest.test1()[pri:0, instance:scripts.LoginTest@64616ca2] output={null}]]]>
              </value>
            </param>
          </params>
          <reporter-output>
          </reporter-output>
        </test-method> <!-- getresult -->
        <test-method status="PASS" signature="test2()[pri:0, instance:scripts.LoginTest@64616ca2]" name="test2" duration-ms="2" started-at="2019-06-02T11:37:35Z" finished-at="2019-06-02T11:37:35Z">
          <reporter-output>
          </reporter-output>
        </test-method> <!-- test2 -->
        <test-method status="PASS" signature="settest(org.testng.ITestResult)[pri:0, instance:scripts.LoginTest@64616ca2]" name="settest" is-config="true" duration-ms="0" started-at="2019-06-02T11:37:35Z" finished-at="2019-06-02T11:37:35Z">
          <params>
            <param index="0">
              <value>
                <![CDATA[[TestResult name=test2 status=SUCCESS method=LoginTest.test2()[pri:0, instance:scripts.LoginTest@64616ca2] output={null}]]]>
              </value>
            </param>
          </params>
          <reporter-output>
          </reporter-output>
        </test-method> <!-- settest -->
        <test-method status="PASS" signature="getresult(org.testng.ITestResult)[pri:0, instance:scripts.LoginTest@64616ca2]" name="getresult" is-config="true" duration-ms="1" started-at="2019-06-02T11:37:35Z" finished-at="2019-06-02T11:37:35Z">
          <params>
            <param index="0">
              <value>
                <![CDATA[[TestResult name=test2 status=SUCCESS method=LoginTest.test2()[pri:0, instance:scripts.LoginTest@64616ca2] output={null}]]]>
              </value>
            </param>
          </params>
          <reporter-output>
          </reporter-output>
        </test-method> <!-- getresult -->
        <test-method status="PASS" signature="teardown()[pri:0, instance:scripts.LoginTest@64616ca2]" name="teardown" is-config="true" duration-ms="536" started-at="2019-06-02T11:37:35Z" finished-at="2019-06-02T11:37:36Z">
          <reporter-output>
          </reporter-output>
        </test-method> <!-- teardown -->
      </class> <!-- scripts.LoginTest -->
    </test> <!-- Test2 -->
    <test name="Test1" duration-ms="7273" started-at="2019-06-02T11:37:32Z" finished-at="2019-06-02T11:37:39Z">
      <class name="scripts.TestMethods">
        <test-method status="PASS" signature="test1()[pri:0, instance:scripts.TestMethods@34b7bfc0]" name="test1" duration-ms="1" started-at="2019-06-02T11:37:39Z" finished-at="2019-06-02T11:37:39Z">
          <reporter-output>
          </reporter-output>
        </test-method> <!-- test1 -->
        <test-method status="PASS" signature="settest(org.testng.ITestResult)[pri:0, instance:scripts.TestMethods@34b7bfc0]" name="settest" is-config="true" duration-ms="0" started-at="2019-06-02T11:37:39Z" finished-at="2019-06-02T11:37:39Z">
          <params>
            <param index="0">
              <value>
                <![CDATA[[TestResult name=test1 status=SUCCESS method=TestMethods.test1()[pri:0, instance:scripts.TestMethods@34b7bfc0] output={null}]]]>
              </value>
            </param>
          </params>
          <reporter-output>
          </reporter-output>
        </test-method> <!-- settest -->
        <test-method status="PASS" signature="getresult(org.testng.ITestResult)[pri:0, instance:scripts.TestMethods@34b7bfc0]" name="getresult" is-config="true" duration-ms="0" started-at="2019-06-02T11:37:39Z" finished-at="2019-06-02T11:37:39Z">
          <params>
            <param index="0">
              <value>
                <![CDATA[[TestResult name=test1 status=SUCCESS method=TestMethods.test1()[pri:0, instance:scripts.TestMethods@34b7bfc0] output={null}]]]>
              </value>
            </param>
          </params>
          <reporter-output>
          </reporter-output>
        </test-method> <!-- getresult -->
        <test-method status="PASS" signature="test2()[pri:0, instance:scripts.TestMethods@34b7bfc0]" name="test2" duration-ms="1" started-at="2019-06-02T11:37:39Z" finished-at="2019-06-02T11:37:39Z">
          <reporter-output>
          </reporter-output>
        </test-method> <!-- test2 -->
        <test-method status="PASS" signature="settest(org.testng.ITestResult)[pri:0, instance:scripts.TestMethods@34b7bfc0]" name="settest" is-config="true" duration-ms="0" started-at="2019-06-02T11:37:39Z" finished-at="2019-06-02T11:37:39Z">
          <params>
            <param index="0">
              <value>
                <![CDATA[[TestResult name=test2 status=SUCCESS method=TestMethods.test2()[pri:0, instance:scripts.TestMethods@34b7bfc0] output={null}]]]>
              </value>
            </param>
          </params>
          <reporter-output>
          </reporter-output>
        </test-method> <!-- settest -->
        <test-method status="PASS" signature="getresult(org.testng.ITestResult)[pri:0, instance:scripts.TestMethods@34b7bfc0]" name="getresult" is-config="true" duration-ms="1" started-at="2019-06-02T11:37:39Z" finished-at="2019-06-02T11:37:39Z">
          <params>
            <param index="0">
              <value>
                <![CDATA[[TestResult name=test2 status=SUCCESS method=TestMethods.test2()[pri:0, instance:scripts.TestMethods@34b7bfc0] output={null}]]]>
              </value>
            </param>
          </params>
          <reporter-output>
          </reporter-output>
        </test-method> <!-- getresult -->
      </class> <!-- scripts.TestMethods -->
      <class name="scripts.LoginTest">
        <test-method status="PASS" signature="setup(java.lang.String)[pri:0, instance:scripts.LoginTest@67b6d4ae]" name="setup" is-config="true" duration-ms="6596" started-at="2019-06-02T11:37:32Z" finished-at="2019-06-02T11:37:39Z">
          <params>
            <param index="0">
              <value>
                <![CDATA[chrome]]>
              </value>
            </param>
          </params>
          <reporter-output>
          </reporter-output>
        </test-method> <!-- setup -->
        <test-method status="PASS" signature="settest(org.testng.ITestResult)[pri:0, instance:scripts.LoginTest@67b6d4ae]" name="settest" is-config="true" duration-ms="0" started-at="2019-06-02T11:37:39Z" finished-at="2019-06-02T11:37:39Z">
          <params>
            <param index="0">
              <value>
                <![CDATA[[TestResult name=test1 status=SUCCESS method=LoginTest.test1()[pri:0, instance:scripts.LoginTest@67b6d4ae] output={null}]]]>
              </value>
            </param>
          </params>
          <reporter-output>
          </reporter-output>
        </test-method> <!-- settest -->
        <test-method status="PASS" signature="test1()[pri:0, instance:scripts.LoginTest@67b6d4ae]" name="test1" duration-ms="2" started-at="2019-06-02T11:37:39Z" finished-at="2019-06-02T11:37:39Z">
          <reporter-output>
          </reporter-output>
        </test-method> <!-- test1 -->
        <test-method status="PASS" signature="getresult(org.testng.ITestResult)[pri:0, instance:scripts.LoginTest@67b6d4ae]" name="getresult" is-config="true" duration-ms="1" started-at="2019-06-02T11:37:39Z" finished-at="2019-06-02T11:37:39Z">
          <params>
            <param index="0">
              <value>
                <![CDATA[[TestResult name=test1 status=SUCCESS method=LoginTest.test1()[pri:0, instance:scripts.LoginTest@67b6d4ae] output={null}]]]>
              </value>
            </param>
          </params>
          <reporter-output>
          </reporter-output>
        </test-method> <!-- getresult -->
        <test-method status="PASS" signature="settest(org.testng.ITestResult)[pri:0, instance:scripts.LoginTest@67b6d4ae]" name="settest" is-config="true" duration-ms="1" started-at="2019-06-02T11:37:39Z" finished-at="2019-06-02T11:37:39Z">
          <params>
            <param index="0">
              <value>
                <![CDATA[[TestResult name=test2 status=SUCCESS method=LoginTest.test2()[pri:0, instance:scripts.LoginTest@67b6d4ae] output={null}]]]>
              </value>
            </param>
          </params>
          <reporter-output>
          </reporter-output>
        </test-method> <!-- settest -->
        <test-method status="PASS" signature="test2()[pri:0, instance:scripts.LoginTest@67b6d4ae]" name="test2" duration-ms="1" started-at="2019-06-02T11:37:39Z" finished-at="2019-06-02T11:37:39Z">
          <reporter-output>
          </reporter-output>
        </test-method> <!-- test2 -->
        <test-method status="PASS" signature="getresult(org.testng.ITestResult)[pri:0, instance:scripts.LoginTest@67b6d4ae]" name="getresult" is-config="true" duration-ms="1" started-at="2019-06-02T11:37:39Z" finished-at="2019-06-02T11:37:39Z">
          <params>
            <param index="0">
              <value>
                <![CDATA[[TestResult name=test2 status=SUCCESS method=LoginTest.test2()[pri:0, instance:scripts.LoginTest@67b6d4ae] output={null}]]]>
              </value>
            </param>
          </params>
          <reporter-output>
          </reporter-output>
        </test-method> <!-- getresult -->
        <test-method status="PASS" signature="teardown()[pri:0, instance:scripts.LoginTest@67b6d4ae]" name="teardown" is-config="true" duration-ms="661" started-at="2019-06-02T11:37:39Z" finished-at="2019-06-02T11:37:39Z">
          <reporter-output>
          </reporter-output>
        </test-method> <!-- teardown -->
        <test-method status="PASS" signature="teardown2()[pri:0, instance:scripts.LoginTest@67b6d4ae]" name="teardown2" is-config="true" duration-ms="410" started-at="2019-06-02T11:37:40Z" finished-at="2019-06-02T11:37:40Z">
          <reporter-output>
          </reporter-output>
        </test-method> <!-- teardown2 -->
      </class> <!-- scripts.LoginTest -->
    </test> <!-- Test1 -->
  </suite> <!-- Suite -->
</testng-results>
