<?xml version="1.0" encoding="UTF-8"?>
<testng-results skipped="0" failed="0" total="1" passed="1">
  <reporter-output>
  </reporter-output>
  <suite name="Base.BaseTest" duration-ms="25" started-at="2019-04-27T13:40:08Z" finished-at="2019-04-27T13:40:08Z">
    <groups>
    </groups>
    <test name="Command line test" duration-ms="25" started-at="2019-04-27T13:40:08Z" finished-at="2019-04-27T13:40:08Z">
      <class name="Base.BaseTest">
        <test-method status="PASS" signature="test1()[pri:0, instance:Base.BaseTest@3f3afe78]" name="test1" duration-ms="12" started-at="2019-04-27T19:10:08Z" finished-at="2019-04-27T19:10:08Z">
          <reporter-output>
          </reporter-output>
        </test-method> <!-- test1 -->
      </class> <!-- Base.BaseTest -->
    </test> <!-- Command line test -->
  </suite> <!-- Base.BaseTest -->
</testng-results>
