<?xml version="1.0" encoding="UTF-8"?>
<!-- Generated by org.testng.reporters.JUnitXMLReporter -->
<testsuite hostname="Lenovo-PC" ignored="3" name="Test2" tests="4" failures="0" timestamp="02 Jun 2019 11:37:36 GMT" time="3.736" errors="0">
  <testcase name="test1" time="0.009" classname="scripts.LoginTest"/>
  <testcase name="test2" time="0.002" classname="scripts.LoginTest"/>
  <testcase name="test1" time="0.008" classname="scripts.TestMethods"/>
  <testcase name="test2" time="0.002" classname="scripts.TestMethods"/>
  <testcase name="@BeforeTest setup" time="0.0" classname="base.BaseTest">
    <ignored/>
  </testcase> <!-- @BeforeTest setup -->
  <testcase name="@AfterTest teardown" time="0.0" classname="base.BaseTest">
    <ignored/>
  </testcase> <!-- @AfterTest teardown -->
  <testcase name="@AfterSuite teardown2" time="0.0" classname="base.BaseTest">
    <ignored/>
  </testcase> <!-- @AfterSuite teardown2 -->
</testsuite> <!-- Test2 -->
