<?xml version="1.0" encoding="UTF-8"?>
<!-- Generated by org.testng.reporters.JUnitXMLReporter -->
<testsuite hostname="Lenovo-PC" ignored="2" name="Test1" tests="4" failures="0" timestamp="02 Jun 2019 11:20:17 GMT" time="7.153" errors="0">
  <testcase name="test1" time="0.003" classname="scripts.LoginTest"/>
  <testcase name="test2" time="0.003" classname="scripts.LoginTest"/>
  <testcase name="test1" time="0.002" classname="scripts.TestMethods"/>
  <testcase name="test2" time="0.002" classname="scripts.TestMethods"/>
  <testcase name="@BeforeTest setup" time="0.0" classname="base.BaseTest">
    <ignored/>
  </testcase> <!-- @BeforeTest setup -->
  <testcase name="@AfterTest teardown" time="0.0" classname="base.BaseTest">
    <ignored/>
  </testcase> <!-- @AfterTest teardown -->
</testsuite> <!-- Test1 -->
